Using pre-set license
Built from '2020.3/staging' branch; Version is '2020.3.25f1 (9b9180224418) revision 10195328'; Using compiler version '192528614'; Build Type 'Release'
OS: 'Windows 10  (10.0.19044) 64bit Core' Language: 'ru' Physical Memory: 6020 MB
BatchMode: 1, IsHumanControllingUs: 0, StartBugReporterOnCrash: 0, Is64bit: 1, IsPro: 0

COMMAND LINE ARGUMENTS:
D:\Unity\2020.3.25f1\Editor\Unity.exe
-adb2
-batchMode
-noUpm
-name
AssetImportWorker0
-projectPath
D:/Unity/Projects/RightProffesionRightCar
-logFile
Logs/AssetImportWorker0.log
-srvPort
11482
Successfully changed project path to: D:/Unity/Projects/RightProffesionRightCar
D:/Unity/Projects/RightProffesionRightCar
Using Asset Import Pipeline V2.
Refreshing native plugins compatible for Editor in 50.28 ms, found 2 plugins.
Preloading 0 native plugins for Editor in 0.00 ms.
Initialize engine version: 2020.3.25f1 (9b9180224418)
[Subsystems] Discovering subsystems at path D:/Unity/2020.3.25f1/Editor/Data/Resources/UnitySubsystems
[Subsystems] Discovering subsystems at path D:/Unity/Projects/RightProffesionRightCar/Assets
GfxDevice: creating device client; threaded=0
Direct3D:
    Version:  Direct3D 11.0 [level 11.1]
    Renderer: AMD Radeon(TM) Vega 8 Graphics (ID=0x15d8)
    Vendor:   
    VRAM:     3010 MB
    Driver:   26.20.14046.3
Initialize mono
Mono path[0] = 'D:/Unity/2020.3.25f1/Editor/Data/Managed'
Mono path[1] = 'D:/Unity/2020.3.25f1/Editor/Data/MonoBleedingEdge/lib/mono/unityjit'
Mono config path = 'D:/Unity/2020.3.25f1/Editor/Data/MonoBleedingEdge/etc'
Using monoOptions --debugger-agent=transport=dt_socket,embedding=1,server=y,suspend=n,address=127.0.0.1:56060
Begin MonoManager ReloadAssembly
Registering precompiled unity dll's ...
Register platform support module: D:/Unity/2020.3.25f1/Editor/Data/PlaybackEngines/WebGLSupport/UnityEditor.WebGL.Extensions.dll
Register platform support module: D:/Unity/2020.3.25f1/Editor/Data/PlaybackEngines/WindowsStandaloneSupport/UnityEditor.WindowsStandalone.Extensions.dll
Registered in 0.001857 seconds.
Native extension for WindowsStandalone target not found
Native extension for WebGL target not found
Refreshing native plugins compatible for Editor in 42.82 ms, found 2 plugins.
Preloading 0 native plugins for Editor in 0.00 ms.
Mono: successfully reloaded assembly
- Completed reload, in  0.836 seconds
Domain Reload Profiling:
	ReloadAssembly (836ms)
		BeginReloadAssembly (96ms)
			ExecutionOrderSort (0ms)
			DisableScriptedObjects (0ms)
			BackupInstance (0ms)
			ReleaseScriptingObjects (0ms)
			CreateAndSetChildDomain (2ms)
		EndReloadAssembly (635ms)
			LoadAssemblies (94ms)
			RebuildTransferFunctionScriptingTraits (0ms)
			SetupTypeCache (200ms)
			ReleaseScriptCaches (0ms)
			RebuildScriptCaches (45ms)
			SetupLoadedEditorAssemblies (249ms)
				LogAssemblyErrors (0ms)
				InitializePlatformSupportModulesInManaged (6ms)
				SetLoadedEditorAssemblies (0ms)
				RefreshPlugins (43ms)
				BeforeProcessingInitializeOnLoad (24ms)
				ProcessInitializeOnLoadAttributes (129ms)
				ProcessInitializeOnLoadMethodAttributes (46ms)
				AfterProcessingInitializeOnLoad (0ms)
				EditorAssembliesLoaded (0ms)
			ExecutionOrderSort2 (0ms)
			AwakeInstancesAfterBackupRestoration (0ms)
Platform modules already initialized, skipping
Registering precompiled user dll's ...
Registered in 0.007455 seconds.
Begin MonoManager ReloadAssembly
Native extension for WindowsStandalone target not found
Native extension for WebGL target not found
Refreshing native plugins compatible for Editor in 0.47 ms, found 2 plugins.
Preloading 0 native plugins for Editor in 0.00 ms.
Mono: successfully reloaded assembly
- Completed reload, in  1.432 seconds
Domain Reload Profiling:
	ReloadAssembly (1434ms)
		BeginReloadAssembly (216ms)
			ExecutionOrderSort (0ms)
			DisableScriptedObjects (8ms)
			BackupInstance (0ms)
			ReleaseScriptingObjects (0ms)
			CreateAndSetChildDomain (30ms)
		EndReloadAssembly (1132ms)
			LoadAssemblies (139ms)
			RebuildTransferFunctionScriptingTraits (0ms)
			SetupTypeCache (383ms)
			ReleaseScriptCaches (1ms)
			RebuildScriptCaches (52ms)
			SetupLoadedEditorAssemblies (445ms)
				LogAssemblyErrors (0ms)
				InitializePlatformSupportModulesInManaged (7ms)
				SetLoadedEditorAssemblies (1ms)
				RefreshPlugins (1ms)
				BeforeProcessingInitializeOnLoad (113ms)
				ProcessInitializeOnLoadAttributes (307ms)
				ProcessInitializeOnLoadMethodAttributes (12ms)
				AfterProcessingInitializeOnLoad (3ms)
				EditorAssembliesLoaded (0ms)
			ExecutionOrderSort2 (0ms)
			AwakeInstancesAfterBackupRestoration (10ms)
Platform modules already initialized, skipping
========================================================================
Worker process is ready to serve import requests
Launched and connected shader compiler UnityShaderCompiler.exe after 0.11 seconds
Refreshing native plugins compatible for Editor in 0.43 ms, found 2 plugins.
Preloading 0 native plugins for Editor in 0.00 ms.
Unloading 1524 Unused Serialized files (Serialized files now loaded: 0)
System memory in use before: 71.1 MB.
System memory in use after: 71.2 MB.

Unloading 19 unused Assets to reduce memory usage. Loaded Objects now: 1956.
Total: 5.123100 ms (FindLiveObjects: 0.220900 ms CreateObjectMapping: 0.086300 ms MarkObjects: 4.716100 ms  DeleteObjects: 0.098100 ms)

AssetImportParameters requested are different than current active one (requested -> active):
  custom:framework-win-MediaFoundation: 216162199b28c13a410421893ffa2e32 -> 
  custom:video-decoder-ogg-theora: a1e56fd34408186e4bbccfd4996cb3dc -> 
  custom:container-muxer-webm: aa71ff27fc2769a1b78a27578f13a17b -> 
  custom:container-demuxer-webm: 4f35f7cbe854078d1ac9338744f61a02 -> 
  custom:container-demuxer-ogg: 62fdf1f143b41e24485cea50d1cbac27 -> 
  custom:video-encoder-webm-vp8: eb34c28f22e8b96e1ab97ce403110664 -> 
  custom:video-decoder-webm-vp8: 9c59270c3fd7afecdb556c50c9e8de78 -> 
  custom:audio-decoder-ogg-vorbis: bf7c407c2cedff20999df2af8eb42d56 -> 
  custom:audio-encoder-webm-vorbis: bf7c407c2cedff20999df2af8eb42d56 -> 
========================================================================
Received Import Request.
  path: Assets/3. Chasm.wav
  artifactKey: Guid(df406a972212f3b4caf707c9a2eb5b2d) Importer(815301076,1909f56bfc062723c751e8b465ee728b)
Start importing Assets/3. Chasm.wav using Guid(df406a972212f3b4caf707c9a2eb5b2d) Importer(815301076,1909f56bfc062723c751e8b465ee728b)  -> (artifact id: '01aa34fe3c2d3152ec5c9af53272b82f') in 0.166212 seconds 
  Import took 0.169913 seconds .

========================================================================
Received Prepare
Registering precompiled user dll's ...
Registered in 0.005699 seconds.
Begin MonoManager ReloadAssembly
Native extension for WindowsStandalone target not found
Native extension for WebGL target not found
Refreshing native plugins compatible for Editor in 0.47 ms, found 2 plugins.
Preloading 0 native plugins for Editor in 0.00 ms.
Mono: successfully reloaded assembly
- Completed reload, in  1.407 seconds
Domain Reload Profiling:
	ReloadAssembly (1408ms)
		BeginReloadAssembly (176ms)
			ExecutionOrderSort (0ms)
			DisableScriptedObjects (8ms)
			BackupInstance (0ms)
			ReleaseScriptingObjects (0ms)
			CreateAndSetChildDomain (48ms)
		EndReloadAssembly (1119ms)
			LoadAssemblies (147ms)
			RebuildTransferFunctionScriptingTraits (0ms)
			SetupTypeCache (422ms)
			ReleaseScriptCaches (1ms)
			RebuildScriptCaches (57ms)
			SetupLoadedEditorAssemblies (355ms)
				LogAssemblyErrors (0ms)
				InitializePlatformSupportModulesInManaged (7ms)
				SetLoadedEditorAssemblies (1ms)
				RefreshPlugins (1ms)
				BeforeProcessingInitializeOnLoad (90ms)
				ProcessInitializeOnLoadAttributes (240ms)
				ProcessInitializeOnLoadMethodAttributes (14ms)
				AfterProcessingInitializeOnLoad (3ms)
				EditorAssembliesLoaded (0ms)
			ExecutionOrderSort2 (0ms)
			AwakeInstancesAfterBackupRestoration (10ms)
Platform modules already initialized, skipping
Switching build target platform(19) subTarget(0) extendedPlatform(0) -> platform(13) subTarget(537395200) extendedPlatform(0)
Refreshing native plugins compatible for Editor in 0.45 ms, found 2 plugins.
Preloading 0 native plugins for Editor in 0.00 ms.
Unloading 1507 Unused Serialized files (Serialized files now loaded: 0)
System memory in use before: 72.6 MB.
System memory in use after: 72.7 MB.

Unloading 14 unused Assets to reduce memory usage. Loaded Objects now: 1968.
Total: 3.632000 ms (FindLiveObjects: 0.189800 ms CreateObjectMapping: 0.049100 ms MarkObjects: 3.370100 ms  DeleteObjects: 0.020900 ms)

AssetImportParameters requested are different than current active one (requested -> active):
  custom:framework-win-MediaFoundation: 216162199b28c13a410421893ffa2e32 -> 
  custom:video-decoder-ogg-theora: a1e56fd34408186e4bbccfd4996cb3dc -> 
  custom:container-muxer-webm: aa71ff27fc2769a1b78a27578f13a17b -> 
  custom:container-demuxer-webm: 4f35f7cbe854078d1ac9338744f61a02 -> 
  custom:container-demuxer-ogg: 62fdf1f143b41e24485cea50d1cbac27 -> 
  custom:video-encoder-webm-vp8: eb34c28f22e8b96e1ab97ce403110664 -> 
  custom:video-decoder-webm-vp8: 9c59270c3fd7afecdb556c50c9e8de78 -> 
  custom:graphics/normal-map-encoding: 01000000000000000000000000000000 -> 02000000000000000000000000000000
  custom:audio-decoder-ogg-vorbis: bf7c407c2cedff20999df2af8eb42d56 -> 
  custom:audio-encoder-webm-vorbis: bf7c407c2cedff20999df2af8eb42d56 -> 
========================================================================
Received Prepare
Registering precompiled user dll's ...
Registered in 0.005966 seconds.
Begin MonoManager ReloadAssembly
Native extension for WindowsStandalone target not found
Native extension for WebGL target not found
Refreshing native plugins compatible for Editor in 0.62 ms, found 2 plugins.
Preloading 0 native plugins for Editor in 0.00 ms.
Mono: successfully reloaded assembly
- Completed reload, in  1.362 seconds
Domain Reload Profiling:
	ReloadAssembly (1363ms)
		BeginReloadAssembly (201ms)
			ExecutionOrderSort (0ms)
			DisableScriptedObjects (11ms)
			BackupInstance (0ms)
			ReleaseScriptingObjects (0ms)
			CreateAndSetChildDomain (58ms)
		EndReloadAssembly (1067ms)
			LoadAssemblies (154ms)
			RebuildTransferFunctionScriptingTraits (0ms)
			SetupTypeCache (397ms)
			ReleaseScriptCaches (1ms)
			RebuildScriptCaches (57ms)
			SetupLoadedEditorAssemblies (351ms)
				LogAssemblyErrors (0ms)
				InitializePlatformSupportModulesInManaged (7ms)
				SetLoadedEditorAssemblies (1ms)
				RefreshPlugins (1ms)
				BeforeProcessingInitializeOnLoad (93ms)
				ProcessInitializeOnLoadAttributes (231ms)
				ProcessInitializeOnLoadMethodAttributes (15ms)
				AfterProcessingInitializeOnLoad (3ms)
				EditorAssembliesLoaded (0ms)
			ExecutionOrderSort2 (0ms)
			AwakeInstancesAfterBackupRestoration (10ms)
Platform modules already initialized, skipping
Switching build target platform(19) subTarget(0) extendedPlatform(0) -> platform(13) subTarget(537395200) extendedPlatform(0)
Refreshing native plugins compatible for Editor in 0.54 ms, found 2 plugins.
Preloading 0 native plugins for Editor in 0.00 ms.
Unloading 1507 Unused Serialized files (Serialized files now loaded: 0)
System memory in use before: 72.6 MB.
System memory in use after: 72.7 MB.

Unloading 14 unused Assets to reduce memory usage. Loaded Objects now: 1970.
Total: 4.950100 ms (FindLiveObjects: 0.247600 ms CreateObjectMapping: 0.078300 ms MarkObjects: 4.595600 ms  DeleteObjects: 0.026700 ms)

AssetImportParameters requested are different than current active one (requested -> active):
  custom:framework-win-MediaFoundation: 216162199b28c13a410421893ffa2e32 -> 
  custom:video-decoder-ogg-theora: a1e56fd34408186e4bbccfd4996cb3dc -> 
  custom:container-muxer-webm: aa71ff27fc2769a1b78a27578f13a17b -> 
  custom:container-demuxer-webm: 4f35f7cbe854078d1ac9338744f61a02 -> 
  custom:container-demuxer-ogg: 62fdf1f143b41e24485cea50d1cbac27 -> 
  custom:video-encoder-webm-vp8: eb34c28f22e8b96e1ab97ce403110664 -> 
  custom:video-decoder-webm-vp8: 9c59270c3fd7afecdb556c50c9e8de78 -> 
  custom:graphics/normal-map-encoding: 01000000000000000000000000000000 -> 02000000000000000000000000000000
  custom:audio-decoder-ogg-vorbis: bf7c407c2cedff20999df2af8eb42d56 -> 
  custom:audio-encoder-webm-vorbis: bf7c407c2cedff20999df2af8eb42d56 -> 
========================================================================
Received Import Request.
  Time since last request: 85.534010 seconds.
  path: Assets/3. Chasm.wav
  artifactKey: Guid(df406a972212f3b4caf707c9a2eb5b2d) Importer(815301076,1909f56bfc062723c751e8b465ee728b)
Start importing Assets/3. Chasm.wav using Guid(df406a972212f3b4caf707c9a2eb5b2d) Importer(815301076,1909f56bfc062723c751e8b465ee728b)  -> (artifact id: 'b486f08a131bce203cc3be025348c9df') in 0.069146 seconds 
  Import took 0.073999 seconds .

========================================================================
Received Import Request.
  Time since last request: 17.133465 seconds.
  path: Assets/Scripts/DontDestroyOnLoad.cs
  artifactKey: Guid(6d8515ff57e00ed4bb57ad695ba62f1b) Importer(815301076,1909f56bfc062723c751e8b465ee728b)
Start importing Assets/Scripts/DontDestroyOnLoad.cs using Guid(6d8515ff57e00ed4bb57ad695ba62f1b) Importer(815301076,1909f56bfc062723c751e8b465ee728b)  -> (artifact id: '8f3d372b28f5f7e1b764924c7e247d55') in 0.014416 seconds 
  Import took 0.018227 seconds .

========================================================================
Received Import Request.
  Time since last request: 0.020790 seconds.
  path: Assets/_Scenes/Menu.unity
  artifactKey: Guid(086e97b4280788240b165418bd5a1d66) Importer(815301076,1909f56bfc062723c751e8b465ee728b)
Start importing Assets/_Scenes/Menu.unity using Guid(086e97b4280788240b165418bd5a1d66) Importer(815301076,1909f56bfc062723c751e8b465ee728b)  -> (artifact id: '3089d7924ef7cf2f031e91f5cea86bca') in 0.010680 seconds 
  Import took 0.013978 seconds .

========================================================================
Received Import Request.
  Time since last request: 75.671820 seconds.
  path: Assets/3. Chasm.wav
  artifactKey: Guid(df406a972212f3b4caf707c9a2eb5b2d) Importer(815301076,1909f56bfc062723c751e8b465ee728b)
Start importing Assets/3. Chasm.wav using Guid(df406a972212f3b4caf707c9a2eb5b2d) Importer(815301076,1909f56bfc062723c751e8b465ee728b)  -> (artifact id: '06f08d2ff64d4f88c4ee72792a51fdc5') in 0.031997 seconds 
  Import took 0.036512 seconds .

========================================================================
Received Import Request.
  Time since last request: 5.701775 seconds.
  path: Assets/3. Chasm.wav
  artifactKey: Guid(df406a972212f3b4caf707c9a2eb5b2d) Importer(815301076,1909f56bfc062723c751e8b465ee728b)
Start importing Assets/3. Chasm.wav using Guid(df406a972212f3b4caf707c9a2eb5b2d) Importer(815301076,1909f56bfc062723c751e8b465ee728b)  -> (artifact id: '7bc182edf7839057499916e2259b0fe8') in 0.021358 seconds 
  Import took 0.026149 seconds .

========================================================================
Received Import Request.
  Time since last request: 3.444074 seconds.
  path: Assets/3. Chasm.wav
  artifactKey: Guid(df406a972212f3b4caf707c9a2eb5b2d) Importer(815301076,1909f56bfc062723c751e8b465ee728b)
Start importing Assets/3. Chasm.wav using Guid(df406a972212f3b4caf707c9a2eb5b2d) Importer(815301076,1909f56bfc062723c751e8b465ee728b)  -> (artifact id: 'c219928ca85d20eca2d97a55c35423cc') in 0.024182 seconds 
  Import took 0.028369 seconds .

========================================================================
Received Import Request.
  Time since last request: 11.647056 seconds.
  path: Assets/3. Chasm.wav
  artifactKey: Guid(df406a972212f3b4caf707c9a2eb5b2d) Importer(815301076,1909f56bfc062723c751e8b465ee728b)
Start importing Assets/3. Chasm.wav using Guid(df406a972212f3b4caf707c9a2eb5b2d) Importer(815301076,1909f56bfc062723c751e8b465ee728b)  -> (artifact id: 'bd5df2b168f6696155dd1f66d13533f3') in 0.027487 seconds 
  Import took 0.031480 seconds .

========================================================================
Received Import Request.
  Time since last request: 6.068345 seconds.
  path: Assets/3. Chasm.wav
  artifactKey: Guid(df406a972212f3b4caf707c9a2eb5b2d) Importer(815301076,1909f56bfc062723c751e8b465ee728b)
Start importing Assets/3. Chasm.wav using Guid(df406a972212f3b4caf707c9a2eb5b2d) Importer(815301076,1909f56bfc062723c751e8b465ee728b)  -> (artifact id: 'c8d14fba2eb096e1ee71fb9ceb9149f3') in 0.025788 seconds 
  Import took 0.030122 seconds .

========================================================================
Received Import Request.
  Time since last request: 3.715213 seconds.
  path: Assets/3. Chasm.wav
  artifactKey: Guid(df406a972212f3b4caf707c9a2eb5b2d) Importer(815301076,1909f56bfc062723c751e8b465ee728b)
Start importing Assets/3. Chasm.wav using Guid(df406a972212f3b4caf707c9a2eb5b2d) Importer(815301076,1909f56bfc062723c751e8b465ee728b)  -> (artifact id: '2defb26123ff679d565da7937f57cc5a') in 0.017472 seconds 
  Import took 0.022021 seconds .

========================================================================
Received Import Request.
  Time since last request: 8.877681 seconds.
  path: Assets/3. Chasm.wav
  artifactKey: Guid(df406a972212f3b4caf707c9a2eb5b2d) Importer(815301076,1909f56bfc062723c751e8b465ee728b)
Start importing Assets/3. Chasm.wav using Guid(df406a972212f3b4caf707c9a2eb5b2d) Importer(815301076,1909f56bfc062723c751e8b465ee728b)  -> (artifact id: 'a80b78e7723364299e5e41ad5dca8946') in 0.016828 seconds 
  Import took 0.021519 seconds .

========================================================================
Received Import Request.
  Time since last request: 2.466179 seconds.
  path: Assets/3. Chasm.wav
  artifactKey: Guid(df406a972212f3b4caf707c9a2eb5b2d) Importer(815301076,1909f56bfc062723c751e8b465ee728b)
Start importing Assets/3. Chasm.wav using Guid(df406a972212f3b4caf707c9a2eb5b2d) Importer(815301076,1909f56bfc062723c751e8b465ee728b)  -> (artifact id: 'e10aedd130a449f44851c8cc7fe11d15') in 0.018354 seconds 
  Import took 0.023004 seconds .

========================================================================
Received Prepare
Registering precompiled user dll's ...
Registered in 0.005468 seconds.
Begin MonoManager ReloadAssembly
Native extension for WindowsStandalone target not found
Native extension for WebGL target not found
Refreshing native plugins compatible for Editor in 0.47 ms, found 2 plugins.
Preloading 0 native plugins for Editor in 0.00 ms.
Mono: successfully reloaded assembly
- Completed reload, in  1.326 seconds
Domain Reload Profiling:
	ReloadAssembly (1326ms)
		BeginReloadAssembly (163ms)
			ExecutionOrderSort (0ms)
			DisableScriptedObjects (6ms)
			BackupInstance (0ms)
			ReleaseScriptingObjects (0ms)
			CreateAndSetChildDomain (44ms)
		EndReloadAssembly (1080ms)
			LoadAssemblies (149ms)
			RebuildTransferFunctionScriptingTraits (0ms)
			SetupTypeCache (388ms)
			ReleaseScriptCaches (1ms)
			RebuildScriptCaches (55ms)
			SetupLoadedEditorAssemblies (380ms)
				LogAssemblyErrors (0ms)
				InitializePlatformSupportModulesInManaged (6ms)
				SetLoadedEditorAssemblies (1ms)
				RefreshPlugins (1ms)
				BeforeProcessingInitializeOnLoad (91ms)
				ProcessInitializeOnLoadAttributes (261ms)
				ProcessInitializeOnLoadMethodAttributes (16ms)
				AfterProcessingInitializeOnLoad (3ms)
				EditorAssembliesLoaded (0ms)
			ExecutionOrderSort2 (0ms)
			AwakeInstancesAfterBackupRestoration (11ms)
Platform modules already initialized, skipping
Switching build target platform(19) subTarget(0) extendedPlatform(0) -> platform(13) subTarget(537395200) extendedPlatform(0)
Refreshing native plugins compatible for Editor in 0.45 ms, found 2 plugins.
Preloading 0 native plugins for Editor in 0.00 ms.
Unloading 1507 Unused Serialized files (Serialized files now loaded: 0)
System memory in use before: 72.7 MB.
System memory in use after: 72.8 MB.

Unloading 14 unused Assets to reduce memory usage. Loaded Objects now: 1973.
Total: 4.967800 ms (FindLiveObjects: 0.204300 ms CreateObjectMapping: 0.064500 ms MarkObjects: 4.671600 ms  DeleteObjects: 0.025700 ms)

AssetImportParameters requested are different than current active one (requested -> active):
  custom:framework-win-MediaFoundation: 216162199b28c13a410421893ffa2e32 -> 
  custom:video-decoder-ogg-theora: a1e56fd34408186e4bbccfd4996cb3dc -> 
  custom:container-muxer-webm: aa71ff27fc2769a1b78a27578f13a17b -> 
  custom:container-demuxer-webm: 4f35f7cbe854078d1ac9338744f61a02 -> 
  custom:container-demuxer-ogg: 62fdf1f143b41e24485cea50d1cbac27 -> 
  custom:video-encoder-webm-vp8: eb34c28f22e8b96e1ab97ce403110664 -> 
  custom:video-decoder-webm-vp8: 9c59270c3fd7afecdb556c50c9e8de78 -> 
  custom:graphics/normal-map-encoding: 01000000000000000000000000000000 -> 02000000000000000000000000000000
  custom:audio-decoder-ogg-vorbis: bf7c407c2cedff20999df2af8eb42d56 -> 
  custom:audio-encoder-webm-vorbis: bf7c407c2cedff20999df2af8eb42d56 -> 
========================================================================
Received Import Request.
  Time since last request: 124.958445 seconds.
  path: Assets/chasm.mp3
  artifactKey: Guid(71d66d3f99c79304a828a28da88922d7) Importer(815301076,1909f56bfc062723c751e8b465ee728b)
Start importing Assets/chasm.mp3 using Guid(71d66d3f99c79304a828a28da88922d7) Importer(815301076,1909f56bfc062723c751e8b465ee728b)  -> (artifact id: '06d8979d17864b8a4e53e267bdb84f36') in 0.068875 seconds 
  Import took 0.072867 seconds .

========================================================================
Received Import Request.
  Time since last request: 9.679378 seconds.
  path: Assets/chasm.mp3
  artifactKey: Guid(71d66d3f99c79304a828a28da88922d7) Importer(815301076,1909f56bfc062723c751e8b465ee728b)
Start importing Assets/chasm.mp3 using Guid(71d66d3f99c79304a828a28da88922d7) Importer(815301076,1909f56bfc062723c751e8b465ee728b)  -> (artifact id: '3b61beca48f101c0b630aaa26d899fa5') in 0.020227 seconds 
  Import took 0.024880 seconds .

========================================================================
Received Import Request.
  Time since last request: 3.102616 seconds.
  path: Assets/chasm.mp3
  artifactKey: Guid(71d66d3f99c79304a828a28da88922d7) Importer(815301076,1909f56bfc062723c751e8b465ee728b)
Start importing Assets/chasm.mp3 using Guid(71d66d3f99c79304a828a28da88922d7) Importer(815301076,1909f56bfc062723c751e8b465ee728b)  -> (artifact id: 'a5a31efd40117cb78cf42a5c141cc375') in 0.021201 seconds 
  Import took 0.025540 seconds .

========================================================================
Received Import Request.
  Time since last request: 3.909949 seconds.
  path: Assets/chasm.mp3
  artifactKey: Guid(71d66d3f99c79304a828a28da88922d7) Importer(815301076,1909f56bfc062723c751e8b465ee728b)
Start importing Assets/chasm.mp3 using Guid(71d66d3f99c79304a828a28da88922d7) Importer(815301076,1909f56bfc062723c751e8b465ee728b)  -> (artifact id: 'c3caf3c4f4cd69327b9bb70bb85570ac') in 0.019442 seconds 
  Import took 0.023172 seconds .

========================================================================
Received Import Request.
  Time since last request: 2.814503 seconds.
  path: Assets/chasm.mp3
  artifactKey: Guid(71d66d3f99c79304a828a28da88922d7) Importer(815301076,1909f56bfc062723c751e8b465ee728b)
Start importing Assets/chasm.mp3 using Guid(71d66d3f99c79304a828a28da88922d7) Importer(815301076,1909f56bfc062723c751e8b465ee728b)  -> (artifact id: '6c86f858dd1e91854abb5c89b9d126ed') in 0.018762 seconds 
  Import took 0.022511 seconds .

========================================================================
Received Import Request.
  Time since last request: 23.298885 seconds.
  path: Assets/_Scenes/Menu.unity
  artifactKey: Guid(086e97b4280788240b165418bd5a1d66) Importer(815301076,1909f56bfc062723c751e8b465ee728b)
Start importing Assets/_Scenes/Menu.unity using Guid(086e97b4280788240b165418bd5a1d66) Importer(815301076,1909f56bfc062723c751e8b465ee728b)  -> (artifact id: '371859e9cfd3f7c3ad445b32a5dcb849') in 0.009069 seconds 
  Import took 0.013687 seconds .

AssetImportWorkerClient::OnTransportError - code=2 error=End of file
